[2025-12-11T06:17:58.995+0000] {manager.py:470} INFO - Processing files using up to 1 processes at a time 
[2025-12-11T06:17:59.002+0000] {manager.py:471} INFO - Process each file at most once every 30 seconds
[2025-12-11T06:17:59.007+0000] {manager.py:472} INFO - Checking for new files in /opt/airflow/dags every 300 seconds
[2025-12-11T06:17:59.013+0000] {manager.py:737} INFO - Searching for files in /opt/airflow/dags
[2025-12-11T06:17:59.021+0000] {manager.py:740} INFO - There are 0 files in /opt/airflow/dags
[2025-12-11T06:22:59.956+0000] {manager.py:737} INFO - Searching for files in /opt/airflow/dags
[2025-12-11T06:22:59.963+0000] {manager.py:740} INFO - There are 0 files in /opt/airflow/dags
[2025-12-11T06:27:59.977+0000] {manager.py:737} INFO - Searching for files in /opt/airflow/dags
[2025-12-11T06:27:59.982+0000] {manager.py:740} INFO - There are 0 files in /opt/airflow/dags
[2025-12-11T06:33:01.314+0000] {manager.py:737} INFO - Searching for files in /opt/airflow/dags
[2025-12-11T06:33:01.321+0000] {manager.py:740} INFO - There are 0 files in /opt/airflow/dags
[2025-12-11T06:37:05.499+0000] {manager.py:452} INFO - Exiting gracefully upon receiving signal 15
[2025-12-11T06:38:00.858+0000] {manager.py:470} INFO - Processing files using up to 1 processes at a time 
[2025-12-11T06:38:00.862+0000] {manager.py:471} INFO - Process each file at most once every 30 seconds
[2025-12-11T06:38:00.866+0000] {manager.py:472} INFO - Checking for new files in /opt/airflow/dags every 300 seconds
[2025-12-11T06:38:00.873+0000] {manager.py:737} INFO - Searching for files in /opt/airflow/dags
[2025-12-11T06:38:00.878+0000] {manager.py:740} INFO - There are 0 files in /opt/airflow/dags
[2025-12-11T06:43:02.032+0000] {manager.py:737} INFO - Searching for files in /opt/airflow/dags
[2025-12-11T06:43:02.038+0000] {manager.py:740} INFO - There are 0 files in /opt/airflow/dags
[2025-12-11T06:48:02.607+0000] {manager.py:737} INFO - Searching for files in /opt/airflow/dags
[2025-12-11T06:48:02.617+0000] {manager.py:740} INFO - There are 0 files in /opt/airflow/dags
[2025-12-11T06:48:19.085+0000] {manager.py:452} INFO - Exiting gracefully upon receiving signal 15
